
========================[ Dec 21, 2009  6:12 PM ]========================
Version 2.2.18 [Mar-02-2008]
Started database file "/opt/www/sift/tmp//19579.database"
Formatted 100 sequences in volume 0
SUCCESS: formatted database /opt/www/sift/tmp//19579.database

========================[ Dec 21, 2009  6:13 PM ]========================
Version 2.2.18 [Mar-02-2008]
Started database file "/opt/www/sift/tmp//19805.database"
Formatted 100 sequences in volume 0
SUCCESS: formatted database /opt/www/sift/tmp//19805.database

========================[ Dec 21, 2009  6:22 PM ]========================
Version 2.2.18 [Mar-02-2008]
Started database file "/opt/www/sift/tmp//21267.database"
Formatted 100 sequences in volume 0
SUCCESS: formatted database /opt/www/sift/tmp//21267.database

========================[ Dec 23, 2009  5:27 PM ]========================
Version 2.2.18 [Mar-02-2008]
Started database file "/opt/www/sift/tmp//2688.database"
Formatted 100 sequences in volume 0
SUCCESS: formatted database /opt/www/sift/tmp//2688.database

========================[ Dec 23, 2009  5:37 PM ]========================
Version 2.2.18 [Mar-02-2008]
Started database file "/opt/www/sift/tmp//5106.database"
Formatted 100 sequences in volume 0
SUCCESS: formatted database /opt/www/sift/tmp//5106.database

========================[ Dec 23, 2009  6:13 PM ]========================
Version 2.2.18 [Mar-02-2008]
Started database file "/opt/www/sift/tmp//10366.database"
Formatted 100 sequences in volume 0
SUCCESS: formatted database /opt/www/sift/tmp//10366.database

========================[ Dec 23, 2009  6:14 PM ]========================
Version 2.2.18 [Mar-02-2008]
Started database file "/opt/www/sift/tmp//10601.database"
ERROR: [000.000] Could not open /opt/www/sift/tmp//10601.database

