Config file /app/config/default.yaml is extended by additional config specified via the command line.
Building DAG of jobs...
Using shell: /usr/bin/bash
Provided cores: 8
Rules claiming more threads will be scaled down.
Job stats:
job                            count    min threads    max threads
---------------------------  -------  -------------  -------------
AnnotSV                            1              1              1
AnnotSV2vcf                       11              1              1
AnnotSV2vcf_all                    1              1              1
all                                1              1              1
bam_to_multicov                   11              1              1
bedtovcf                           1              1              1
canoes_calling                     1              1              1
canoes_to_bed                      1              1              1
convert_chr                        2              1              1
correct_gc_percent_file            1              1              1
create_plot                       11              1              1
gc_percent                         1              1              1
get_bed_fromrun                    1              1              1
merge_CNVs                         1              1              1
merge_multicov_to_reads            1              1              1
merge_sex                          1              1              1
merge_warnings_variants           11              1              1
merge_warnings_variants_all        1              1              1
plot_coverage                      1              1              1
rename_bed                         1              1              1
sex_analysis_reads                 1              1              1
sex_gc_percent                     1              1              1
split_annotations                  1              1              1
warnings_message                  11              1              1
warnings_message_all               1              1              1
without_header                     1              1              1
write_R_script                     1              1              1
write_plot_scripts                11              1              1
total                             89              1              1

Select jobs to execute...

[Sat Jan 15 20:31:32 2022]
rule get_bed_fromrun:
    input: /datasets/SET_CNV_1/BBS_1
    output: /STARK/data/testcanoes/BBS_1/CANOES/analysis_tmp.bed
    jobid: 16
    resources: tmpdir=/tmp

[Sat Jan 15 20:31:34 2022]
Finished job 16.
1 of 89 steps (1%) done
Select jobs to execute...

[Sat Jan 15 20:31:34 2022]
rule rename_bed:
    input: /STARK/data/testcanoes/BBS_1/CANOES/analysis_tmp.bed
    output: /STARK/data/testcanoes/BBS_1/CANOES/analysis.bed
    jobid: 15
    resources: tmpdir=/tmp

[Sat Jan 15 20:31:34 2022]
Finished job 15.
2 of 89 steps (2%) done
Select jobs to execute...

[Sat Jan 15 20:31:34 2022]
rule bam_to_multicov:
    input: /datasets/SET_CNV_1/BBS_1/unique_AGL23.bam, /STARK/data/testcanoes/BBS_1/CANOES/analysis.bed
    output: /STARK/data/testcanoes/BBS_1/unique_AGL23/CANOES/unique_AGL23.multicov.tsv
    log: /STARK/data/testcanoes/BBS_1/logs/unique_AGL23.multicov.log
    jobid: 18
    benchmark: /STARK/data/testcanoes/BBS_1/logs/unique_AGL23.multicov.benchmark.txt
    wildcards: sample=unique_AGL23
    resources: tmpdir=/tmp


[Sat Jan 15 20:31:34 2022]
rule bam_to_multicov:
    input: /datasets/SET_CNV_1/BBS_1/unique_AKO26.bam, /STARK/data/testcanoes/BBS_1/CANOES/analysis.bed
    output: /STARK/data/testcanoes/BBS_1/unique_AKO26/CANOES/unique_AKO26.multicov.tsv
    log: /STARK/data/testcanoes/BBS_1/logs/unique_AKO26.multicov.log
    jobid: 20
    benchmark: /STARK/data/testcanoes/BBS_1/logs/unique_AKO26.multicov.benchmark.txt
    wildcards: sample=unique_AKO26
    resources: tmpdir=/tmp


[Sat Jan 15 20:31:34 2022]
rule bam_to_multicov:
    input: /datasets/SET_CNV_1/BBS_1/unique_AKX44.bam, /STARK/data/testcanoes/BBS_1/CANOES/analysis.bed
    output: /STARK/data/testcanoes/BBS_1/unique_AKX44/CANOES/unique_AKX44.multicov.tsv
    log: /STARK/data/testcanoes/BBS_1/logs/unique_AKX44.multicov.log
    jobid: 22
    benchmark: /STARK/data/testcanoes/BBS_1/logs/unique_AKX44.multicov.benchmark.txt
    wildcards: sample=unique_AKX44
    resources: tmpdir=/tmp


[Sat Jan 15 20:31:34 2022]
rule bam_to_multicov:
    input: /datasets/SET_CNV_1/BBS_1/unique_ALG76.bam, /STARK/data/testcanoes/BBS_1/CANOES/analysis.bed
    output: /STARK/data/testcanoes/BBS_1/unique_ALG76/CANOES/unique_ALG76.multicov.tsv
    log: /STARK/data/testcanoes/BBS_1/logs/unique_ALG76.multicov.log
    jobid: 24
    benchmark: /STARK/data/testcanoes/BBS_1/logs/unique_ALG76.multicov.benchmark.txt
    wildcards: sample=unique_ALG76
    resources: tmpdir=/tmp


[Sat Jan 15 20:31:34 2022]
rule bam_to_multicov:
    input: /datasets/SET_CNV_1/BBS_1/ALG42.bam, /STARK/data/testcanoes/BBS_1/CANOES/analysis.bed
    output: /STARK/data/testcanoes/BBS_1/ALG42/CANOES/ALG42.multicov.tsv
    log: /STARK/data/testcanoes/BBS_1/logs/ALG42.multicov.log
    jobid: 14
    benchmark: /STARK/data/testcanoes/BBS_1/logs/ALG42.multicov.benchmark.txt
    wildcards: sample=ALG42
    resources: tmpdir=/tmp


[Sat Jan 15 20:31:34 2022]
rule bam_to_multicov:
    input: /datasets/SET_CNV_1/BBS_1/unique_AMK19.bam, /STARK/data/testcanoes/BBS_1/CANOES/analysis.bed
    output: /STARK/data/testcanoes/BBS_1/unique_AMK19/CANOES/unique_AMK19.multicov.tsv
    log: /STARK/data/testcanoes/BBS_1/logs/unique_AMK19.multicov.log
    jobid: 25
    benchmark: /STARK/data/testcanoes/BBS_1/logs/unique_AMK19.multicov.benchmark.txt
    wildcards: sample=unique_AMK19
    resources: tmpdir=/tmp


[Sat Jan 15 20:31:34 2022]
rule bam_to_multicov:
    input: /datasets/SET_CNV_1/BBS_1/unique_AMR64.bam, /STARK/data/testcanoes/BBS_1/CANOES/analysis.bed
    output: /STARK/data/testcanoes/BBS_1/unique_AMR64/CANOES/unique_AMR64.multicov.tsv
    log: /STARK/data/testcanoes/BBS_1/logs/unique_AMR64.multicov.log
    jobid: 26
    benchmark: /STARK/data/testcanoes/BBS_1/logs/unique_AMR64.multicov.benchmark.txt
    wildcards: sample=unique_AMR64
    resources: tmpdir=/tmp


[Sat Jan 15 20:31:34 2022]
rule gc_percent:
    input: /STARK/data/testcanoes/BBS_1/CANOES/analysis.bed, /STARK/databases/genomes/current/hg19.fa
    output: /STARK/data/testcanoes/BBS_1/CANOES/GCpercent_to_change.tsv
    log: /STARK/data/testcanoes/BBS_1/logs/GCpercent_to_change.log
    jobid: 30
    resources: tmpdir=/tmp

[Sat Jan 15 20:31:39 2022]
Finished job 20.
3 of 89 steps (3%) done
Select jobs to execute...

[Sat Jan 15 20:31:39 2022]
rule bam_to_multicov:
    input: /datasets/SET_CNV_1/BBS_1/AMV5.bam, /STARK/data/testcanoes/BBS_1/CANOES/analysis.bed
    output: /STARK/data/testcanoes/BBS_1/AMV5/CANOES/AMV5.multicov.tsv
    log: /STARK/data/testcanoes/BBS_1/logs/AMV5.multicov.log
    jobid: 17
    benchmark: /STARK/data/testcanoes/BBS_1/logs/AMV5.multicov.benchmark.txt
    wildcards: sample=AMV5
    resources: tmpdir=/tmp

[Sat Jan 15 20:31:40 2022]
Finished job 14.
4 of 89 steps (4%) done
[Sat Jan 15 20:31:40 2022]
Finished job 18.
5 of 89 steps (6%) done
[Sat Jan 15 20:31:40 2022]
Finished job 24.
6 of 89 steps (7%) done
[Sat Jan 15 20:31:40 2022]
Finished job 26.
7 of 89 steps (8%) done
[Sat Jan 15 20:31:40 2022]
Finished job 22.
8 of 89 steps (9%) done
[Sat Jan 15 20:31:40 2022]
Finished job 25.
9 of 89 steps (10%) done
Select jobs to execute...

[Sat Jan 15 20:31:40 2022]
rule bam_to_multicov:
    input: /datasets/SET_CNV_1/BBS_1/unique_AHL86.bam, /STARK/data/testcanoes/BBS_1/CANOES/analysis.bed
    output: /STARK/data/testcanoes/BBS_1/unique_AHL86/CANOES/unique_AHL86.multicov.tsv
    log: /STARK/data/testcanoes/BBS_1/logs/unique_AHL86.multicov.log
    jobid: 19
    benchmark: /STARK/data/testcanoes/BBS_1/logs/unique_AHL86.multicov.benchmark.txt
    wildcards: sample=unique_AHL86
    resources: tmpdir=/tmp


[Sat Jan 15 20:31:41 2022]
rule bam_to_multicov:
    input: /datasets/SET_CNV_1/BBS_1/unique_ALG5.bam, /STARK/data/testcanoes/BBS_1/CANOES/analysis.bed
    output: /STARK/data/testcanoes/BBS_1/unique_ALG5/CANOES/unique_ALG5.multicov.tsv
    log: /STARK/data/testcanoes/BBS_1/logs/unique_ALG5.multicov.log
    jobid: 23
    benchmark: /STARK/data/testcanoes/BBS_1/logs/unique_ALG5.multicov.benchmark.txt
    wildcards: sample=unique_ALG5
    resources: tmpdir=/tmp


[Sat Jan 15 20:31:41 2022]
rule bam_to_multicov:
    input: /datasets/SET_CNV_1/BBS_1/unique_AKR68B.bam, /STARK/data/testcanoes/BBS_1/CANOES/analysis.bed
    output: /STARK/data/testcanoes/BBS_1/unique_AKR68B/CANOES/unique_AKR68B.multicov.tsv
    log: /STARK/data/testcanoes/BBS_1/logs/unique_AKR68B.multicov.log
    jobid: 21
    benchmark: /STARK/data/testcanoes/BBS_1/logs/unique_AKR68B.multicov.benchmark.txt
    wildcards: sample=unique_AKR68B
    resources: tmpdir=/tmp

[Sat Jan 15 20:31:41 2022]
Finished job 30.
10 of 89 steps (11%) done
[Sat Jan 15 20:31:41 2022]
Finished job 17.
11 of 89 steps (12%) done
Select jobs to execute...

[Sat Jan 15 20:31:41 2022]
rule correct_gc_percent_file:
    input: /STARK/data/testcanoes/BBS_1/CANOES/GCpercent_to_change.tsv
    output: /STARK/data/testcanoes/BBS_1/CANOES/GCpercent.tsv
    log: /STARK/data/testcanoes/BBS_1/logs/GCpercent.log
    jobid: 29
    resources: tmpdir=/tmp

Removing temporary output file /STARK/data/testcanoes/BBS_1/CANOES/GCpercent_to_change.tsv.
[Sat Jan 15 20:31:42 2022]
Finished job 29.
12 of 89 steps (13%) done
Select jobs to execute...

[Sat Jan 15 20:31:42 2022]
rule sex_gc_percent:
    input: /STARK/data/testcanoes/BBS_1/CANOES/GCpercent.tsv
    output: /STARK/data/testcanoes/BBS_1/CANOES/GCpercent.A.tsv
    log: /STARK/data/testcanoes/BBS_1/logs/GCpercent.A.log
    jobid: 28
    wildcards: sex=A
    resources: tmpdir=/tmp

Removing temporary output file /STARK/data/testcanoes/BBS_1/CANOES/GCpercent.tsv.
[Sat Jan 15 20:31:42 2022]
Finished job 28.
13 of 89 steps (15%) done
Select jobs to execute...

[Sat Jan 15 20:31:42 2022]
rule convert_chr:
    input: /STARK/data/testcanoes/BBS_1/CANOES/GCpercent.A.tsv
    output: /STARK/data/testcanoes/BBS_1/CANOES/GCpercent.A.tsv.conv
    jobid: 27
    wildcards: w=/STARK/data/testcanoes/BBS_1/CANOES/GCpercent.A.tsv
    resources: tmpdir=/tmp

Removing temporary output file /STARK/data/testcanoes/BBS_1/CANOES/GCpercent.A.tsv.
[Sat Jan 15 20:31:42 2022]
Finished job 27.
14 of 89 steps (16%) done
[Sat Jan 15 20:31:42 2022]
Finished job 19.
15 of 89 steps (17%) done
[Sat Jan 15 20:31:43 2022]
Finished job 23.
16 of 89 steps (18%) done
[Sat Jan 15 20:31:43 2022]
Finished job 21.
17 of 89 steps (19%) done
Select jobs to execute...

[Sat Jan 15 20:31:43 2022]
rule merge_multicov_to_reads:
    input: /STARK/data/testcanoes/BBS_1/ALG42/CANOES/ALG42.multicov.tsv, /STARK/data/testcanoes/BBS_1/AMV5/CANOES/AMV5.multicov.tsv, /STARK/data/testcanoes/BBS_1/unique_AGL23/CANOES/unique_AGL23.multicov.tsv, /STARK/data/testcanoes/BBS_1/unique_AHL86/CANOES/unique_AHL86.multicov.tsv, /STARK/data/testcanoes/BBS_1/unique_AKO26/CANOES/unique_AKO26.multicov.tsv, /STARK/data/testcanoes/BBS_1/unique_AKR68B/CANOES/unique_AKR68B.multicov.tsv, /STARK/data/testcanoes/BBS_1/unique_AKX44/CANOES/unique_AKX44.multicov.tsv, /STARK/data/testcanoes/BBS_1/unique_ALG5/CANOES/unique_ALG5.multicov.tsv, /STARK/data/testcanoes/BBS_1/unique_ALG76/CANOES/unique_ALG76.multicov.tsv, /STARK/data/testcanoes/BBS_1/unique_AMK19/CANOES/unique_AMK19.multicov.tsv, /STARK/data/testcanoes/BBS_1/unique_AMR64/CANOES/unique_AMR64.multicov.tsv
    output: /STARK/data/testcanoes/BBS_1/CANOES/all.canoes.coverage.tsv
    log: /STARK/data/testcanoes/BBS_1/logs/all.canoes.coverage.log
    jobid: 13
    resources: tmpdir=/tmp

[Sat Jan 15 20:31:45 2022]
Finished job 13.
18 of 89 steps (20%) done
Select jobs to execute...

[Sat Jan 15 20:31:45 2022]
rule plot_coverage:
    input: /STARK/data/testcanoes/BBS_1/CANOES/all.canoes.coverage.tsv
    output: /STARK/data/testcanoes/BBS_1/CANOES/all.canoes.coverage.stats.tsv
    jobid: 35
    resources: tmpdir=/tmp

[Sat Jan 15 20:31:45 2022]
rule sex_analysis_reads:
    input: /STARK/data/testcanoes/BBS_1/CANOES/all.canoes.coverage.tsv
    output: /STARK/data/testcanoes/BBS_1/CANOES/all.canoes.A.coverage.tsv
    jobid: 12
    wildcards: sex=A
    resources: tmpdir=/tmp

[Sat Jan 15 20:31:47 2022]
Finished job 12.
19 of 89 steps (21%) done
Select jobs to execute...

[Sat Jan 15 20:31:47 2022]
rule convert_chr:
    input: /STARK/data/testcanoes/BBS_1/CANOES/all.canoes.A.coverage.tsv
    output: /STARK/data/testcanoes/BBS_1/CANOES/all.canoes.A.coverage.tsv.conv
    jobid: 11
    wildcards: w=/STARK/data/testcanoes/BBS_1/CANOES/all.canoes.A.coverage.tsv
    resources: tmpdir=/tmp

[Sat Jan 15 20:31:47 2022]
Finished job 35.
20 of 89 steps (22%) done
Select jobs to execute...

[Sat Jan 15 20:31:47 2022]
rule write_plot_scripts:
    input: /STARK/data/testcanoes/BBS_1/CANOES/all.canoes.coverage.stats.tsv
    output: /STARK/data/testcanoes/BBS_1/unique_ALG76/CANOES/unique_ALG76.script.plots.R
    jobid: 67
    wildcards: sample=unique_ALG76
    resources: tmpdir=/tmp

[Sat Jan 15 20:31:47 2022]
rule write_plot_scripts:
    input: /STARK/data/testcanoes/BBS_1/CANOES/all.canoes.coverage.stats.tsv
    output: /STARK/data/testcanoes/BBS_1/unique_AMK19/CANOES/unique_AMK19.script.plots.R
    jobid: 71
    wildcards: sample=unique_AMK19
    resources: tmpdir=/tmp

[Sat Jan 15 20:31:47 2022]
rule write_plot_scripts:
    input: /STARK/data/testcanoes/BBS_1/CANOES/all.canoes.coverage.stats.tsv
    output: /STARK/data/testcanoes/BBS_1/unique_ALG5/CANOES/unique_ALG5.script.plots.R
    jobid: 63
    wildcards: sample=unique_ALG5
    resources: tmpdir=/tmp

[Sat Jan 15 20:31:47 2022]
rule write_plot_scripts:
    input: /STARK/data/testcanoes/BBS_1/CANOES/all.canoes.coverage.stats.tsv
    output: /STARK/data/testcanoes/BBS_1/unique_AKX44/CANOES/unique_AKX44.script.plots.R
    jobid: 59
    wildcards: sample=unique_AKX44
    resources: tmpdir=/tmp

[Sat Jan 15 20:31:47 2022]
rule write_plot_scripts:
    input: /STARK/data/testcanoes/BBS_1/CANOES/all.canoes.coverage.stats.tsv
    output: /STARK/data/testcanoes/BBS_1/AMV5/CANOES/AMV5.script.plots.R
    jobid: 39
    wildcards: sample=AMV5
    resources: tmpdir=/tmp

[Sat Jan 15 20:31:47 2022]
rule write_plot_scripts:
    input: /STARK/data/testcanoes/BBS_1/CANOES/all.canoes.coverage.stats.tsv
    output: /STARK/data/testcanoes/BBS_1/ALG42/CANOES/ALG42.script.plots.R
    jobid: 34
    wildcards: sample=ALG42
    resources: tmpdir=/tmp

[Sat Jan 15 20:31:47 2022]
rule write_plot_scripts:
    input: /STARK/data/testcanoes/BBS_1/CANOES/all.canoes.coverage.stats.tsv
    output: /STARK/data/testcanoes/BBS_1/unique_AMR64/CANOES/unique_AMR64.script.plots.R
    jobid: 75
    wildcards: sample=unique_AMR64
    resources: tmpdir=/tmp

[Sat Jan 15 20:31:47 2022]
Finished job 11.
21 of 89 steps (24%) done
Select jobs to execute...

[Sat Jan 15 20:31:47 2022]
rule write_plot_scripts:
    input: /STARK/data/testcanoes/BBS_1/CANOES/all.canoes.coverage.stats.tsv
    output: /STARK/data/testcanoes/BBS_1/unique_AHL86/CANOES/unique_AHL86.script.plots.R
    jobid: 47
    wildcards: sample=unique_AHL86
    resources: tmpdir=/tmp

[Sat Jan 15 20:31:49 2022]
Finished job 59.
22 of 89 steps (25%) done
Select jobs to execute...

[Sat Jan 15 20:31:49 2022]
rule write_plot_scripts:
    input: /STARK/data/testcanoes/BBS_1/CANOES/all.canoes.coverage.stats.tsv
    output: /STARK/data/testcanoes/BBS_1/unique_AGL23/CANOES/unique_AGL23.script.plots.R
    jobid: 43
    wildcards: sample=unique_AGL23
    resources: tmpdir=/tmp

[Sat Jan 15 20:31:49 2022]
Finished job 34.
23 of 89 steps (26%) done
[Sat Jan 15 20:31:49 2022]
Finished job 39.
24 of 89 steps (27%) done
[Sat Jan 15 20:31:49 2022]
Finished job 67.
25 of 89 steps (28%) done
[Sat Jan 15 20:31:49 2022]
Finished job 63.
26 of 89 steps (29%) done
[Sat Jan 15 20:31:49 2022]
Finished job 71.
27 of 89 steps (30%) done
Select jobs to execute...

[Sat Jan 15 20:31:49 2022]
rule create_plot:
    input: /STARK/data/testcanoes/BBS_1/unique_AKX44/CANOES/unique_AKX44.script.plots.R
    output: /STARK/data/testcanoes/BBS_1/unique_AKX44/CANOES/unique_AKX44.canoes.boxplot.png, /STARK/data/testcanoes/BBS_1/unique_AKX44/CANOES/unique_AKX44.canoes.barplot.png
    log: /STARK/data/testcanoes/BBS_1/logs/unique_AKX44.plots_coverage.log
    jobid: 58
    wildcards: sample=unique_AKX44
    resources: tmpdir=/tmp


[Sat Jan 15 20:31:50 2022]
rule create_plot:
    input: /STARK/data/testcanoes/BBS_1/AMV5/CANOES/AMV5.script.plots.R
    output: /STARK/data/testcanoes/BBS_1/AMV5/CANOES/AMV5.canoes.boxplot.png, /STARK/data/testcanoes/BBS_1/AMV5/CANOES/AMV5.canoes.barplot.png
    log: /STARK/data/testcanoes/BBS_1/logs/AMV5.plots_coverage.log
    jobid: 38
    wildcards: sample=AMV5
    resources: tmpdir=/tmp


[Sat Jan 15 20:31:50 2022]
rule create_plot:
    input: /STARK/data/testcanoes/BBS_1/unique_ALG76/CANOES/unique_ALG76.script.plots.R
    output: /STARK/data/testcanoes/BBS_1/unique_ALG76/CANOES/unique_ALG76.canoes.boxplot.png, /STARK/data/testcanoes/BBS_1/unique_ALG76/CANOES/unique_ALG76.canoes.barplot.png
    log: /STARK/data/testcanoes/BBS_1/logs/unique_ALG76.plots_coverage.log
    jobid: 66
    wildcards: sample=unique_ALG76
    resources: tmpdir=/tmp


[Sat Jan 15 20:31:50 2022]
rule without_header:
    input: /STARK/data/testcanoes/BBS_1/CANOES/all.canoes.A.coverage.tsv.conv
    output: /STARK/data/testcanoes/BBS_1/CANOES/all.canoes.A.coverage.tsv.conv.no_header
    jobid: 10
    wildcards: w=/STARK/data/testcanoes/BBS_1/CANOES/all.canoes.A.coverage.tsv.conv
    resources: tmpdir=/tmp


[Sat Jan 15 20:31:51 2022]
rule create_plot:
    input: /STARK/data/testcanoes/BBS_1/unique_ALG5/CANOES/unique_ALG5.script.plots.R
    output: /STARK/data/testcanoes/BBS_1/unique_ALG5/CANOES/unique_ALG5.canoes.boxplot.png, /STARK/data/testcanoes/BBS_1/unique_ALG5/CANOES/unique_ALG5.canoes.barplot.png
    log: /STARK/data/testcanoes/BBS_1/logs/unique_ALG5.plots_coverage.log
    jobid: 62
    wildcards: sample=unique_ALG5
    resources: tmpdir=/tmp

[Sat Jan 15 20:31:51 2022]
Finished job 75.
28 of 89 steps (31%) done
[Sat Jan 15 20:31:51 2022]
Finished job 47.
29 of 89 steps (33%) done
[Sat Jan 15 20:31:51 2022]
Finished job 10.
30 of 89 steps (34%) done
Select jobs to execute...

[Sat Jan 15 20:31:51 2022]
rule write_plot_scripts:
    input: /STARK/data/testcanoes/BBS_1/CANOES/all.canoes.coverage.stats.tsv
    output: /STARK/data/testcanoes/BBS_1/unique_AKO26/CANOES/unique_AKO26.script.plots.R
    jobid: 51
    wildcards: sample=unique_AKO26
    resources: tmpdir=/tmp

[Sat Jan 15 20:31:51 2022]
rule create_plot:
    input: /STARK/data/testcanoes/BBS_1/unique_AMK19/CANOES/unique_AMK19.script.plots.R
    output: /STARK/data/testcanoes/BBS_1/unique_AMK19/CANOES/unique_AMK19.canoes.boxplot.png, /STARK/data/testcanoes/BBS_1/unique_AMK19/CANOES/unique_AMK19.canoes.barplot.png
    log: /STARK/data/testcanoes/BBS_1/logs/unique_AMK19.plots_coverage.log
    jobid: 70
    wildcards: sample=unique_AMK19
    resources: tmpdir=/tmp


[Sat Jan 15 20:31:51 2022]
rule write_R_script:
    input: /STARK/data/testcanoes/BBS_1/CANOES/all.canoes.A.coverage.tsv.conv.no_header, /STARK/data/testcanoes/BBS_1/CANOES/all.canoes.A.coverage.tsv.conv, /STARK/data/testcanoes/BBS_1/CANOES/GCpercent.A.tsv.conv
    output: /STARK/data/testcanoes/BBS_1/CANOES/script_create.A.R
    jobid: 31
    wildcards: sex=A
    resources: tmpdir=/tmp

Select jobs to execute...
[Sat Jan 15 20:31:51 2022]
Finished job 43.
31 of 89 steps (35%) done

[Sat Jan 15 20:31:51 2022]
rule create_plot:
    input: /STARK/data/testcanoes/BBS_1/unique_AHL86/CANOES/unique_AHL86.script.plots.R
    output: /STARK/data/testcanoes/BBS_1/unique_AHL86/CANOES/unique_AHL86.canoes.boxplot.png, /STARK/data/testcanoes/BBS_1/unique_AHL86/CANOES/unique_AHL86.canoes.barplot.png
    log: /STARK/data/testcanoes/BBS_1/logs/unique_AHL86.plots_coverage.log
    jobid: 46
    wildcards: sample=unique_AHL86
    resources: tmpdir=/tmp

[Sat Jan 15 20:31:53 2022]
Finished job 51.
32 of 89 steps (36%) done
Select jobs to execute...

[Sat Jan 15 20:31:53 2022]
rule create_plot:
    input: /STARK/data/testcanoes/BBS_1/unique_AMR64/CANOES/unique_AMR64.script.plots.R
    output: /STARK/data/testcanoes/BBS_1/unique_AMR64/CANOES/unique_AMR64.canoes.boxplot.png, /STARK/data/testcanoes/BBS_1/unique_AMR64/CANOES/unique_AMR64.canoes.barplot.png
    log: /STARK/data/testcanoes/BBS_1/logs/unique_AMR64.plots_coverage.log
    jobid: 74
    wildcards: sample=unique_AMR64
    resources: tmpdir=/tmp

[Sat Jan 15 20:31:53 2022]
Finished job 31.
33 of 89 steps (37%) done
Select jobs to execute...

[Sat Jan 15 20:31:53 2022]
rule canoes_calling:
    input: /STARK/data/testcanoes/BBS_1/CANOES/all.canoes.A.coverage.tsv.conv.no_header, /STARK/data/testcanoes/BBS_1/CANOES/GCpercent.A.tsv.conv, /STARK/data/testcanoes/BBS_1/CANOES/script_create.A.R
    output: /STARK/data/testcanoes/BBS_1/CANOES/canoes.A.tsv, /STARK/data/testcanoes/BBS_1/CANOES/results.A.csv
    log: /STARK/data/testcanoes/BBS_1/logs/canoes.A.log
    jobid: 9
    wildcards: sex=A
    resources: tmpdir=/tmp

[Sat Jan 15 20:31:57 2022]
Finished job 58.
34 of 89 steps (38%) done
Select jobs to execute...

[Sat Jan 15 20:31:58 2022]
rule create_plot:
    input: /STARK/data/testcanoes/BBS_1/unique_AGL23/CANOES/unique_AGL23.script.plots.R
    output: /STARK/data/testcanoes/BBS_1/unique_AGL23/CANOES/unique_AGL23.canoes.boxplot.png, /STARK/data/testcanoes/BBS_1/unique_AGL23/CANOES/unique_AGL23.canoes.barplot.png
    log: /STARK/data/testcanoes/BBS_1/logs/unique_AGL23.plots_coverage.log
    jobid: 42
    wildcards: sample=unique_AGL23
    resources: tmpdir=/tmp

[Sat Jan 15 20:31:58 2022]
Finished job 38.
35 of 89 steps (39%) done
Select jobs to execute...

[Sat Jan 15 20:31:58 2022]
rule write_plot_scripts:
    input: /STARK/data/testcanoes/BBS_1/CANOES/all.canoes.coverage.stats.tsv
    output: /STARK/data/testcanoes/BBS_1/unique_AKR68B/CANOES/unique_AKR68B.script.plots.R
    jobid: 55
    wildcards: sample=unique_AKR68B
    resources: tmpdir=/tmp

[Sat Jan 15 20:31:58 2022]
Finished job 66.
36 of 89 steps (40%) done
Select jobs to execute...

[Sat Jan 15 20:31:58 2022]
rule create_plot:
    input: /STARK/data/testcanoes/BBS_1/unique_AKO26/CANOES/unique_AKO26.script.plots.R
    output: /STARK/data/testcanoes/BBS_1/unique_AKO26/CANOES/unique_AKO26.canoes.boxplot.png, /STARK/data/testcanoes/BBS_1/unique_AKO26/CANOES/unique_AKO26.canoes.barplot.png
    log: /STARK/data/testcanoes/BBS_1/logs/unique_AKO26.plots_coverage.log
    jobid: 50
    wildcards: sample=unique_AKO26
    resources: tmpdir=/tmp

[Sat Jan 15 20:31:58 2022]
Finished job 62.
37 of 89 steps (42%) done
Select jobs to execute...

[Sat Jan 15 20:31:58 2022]
rule create_plot:
    input: /STARK/data/testcanoes/BBS_1/ALG42/CANOES/ALG42.script.plots.R
    output: /STARK/data/testcanoes/BBS_1/ALG42/CANOES/ALG42.canoes.boxplot.png, /STARK/data/testcanoes/BBS_1/ALG42/CANOES/ALG42.canoes.barplot.png
    log: /STARK/data/testcanoes/BBS_1/logs/ALG42.plots_coverage.log
    jobid: 33
    wildcards: sample=ALG42
    resources: tmpdir=/tmp

[Sat Jan 15 20:31:58 2022]
Finished job 70.
38 of 89 steps (43%) done
[Sat Jan 15 20:31:59 2022]
Finished job 46.
39 of 89 steps (44%) done
[Sat Jan 15 20:32:00 2022]
Finished job 55.
40 of 89 steps (45%) done
Select jobs to execute...

[Sat Jan 15 20:32:00 2022]
rule create_plot:
    input: /STARK/data/testcanoes/BBS_1/unique_AKR68B/CANOES/unique_AKR68B.script.plots.R
    output: /STARK/data/testcanoes/BBS_1/unique_AKR68B/CANOES/unique_AKR68B.canoes.boxplot.png, /STARK/data/testcanoes/BBS_1/unique_AKR68B/CANOES/unique_AKR68B.canoes.barplot.png
    log: /STARK/data/testcanoes/BBS_1/logs/unique_AKR68B.plots_coverage.log
    jobid: 54
    wildcards: sample=unique_AKR68B
    resources: tmpdir=/tmp

Removing temporary output file /STARK/data/testcanoes/BBS_1/CANOES/results.A.csv.
[Sat Jan 15 20:32:00 2022]
Finished job 9.
41 of 89 steps (46%) done
Select jobs to execute...

[Sat Jan 15 20:32:00 2022]
rule merge_sex:
    input: /STARK/data/testcanoes/BBS_1/CANOES/canoes.A.tsv
    output: /STARK/data/testcanoes/BBS_1/CANOES/canoes.tsv
    jobid: 8
    resources: tmpdir=/tmp

[Sat Jan 15 20:32:00 2022]
Finished job 8.
42 of 89 steps (47%) done
Select jobs to execute...

[Sat Jan 15 20:32:00 2022]
rule canoes_to_bed:
    input: /STARK/data/testcanoes/BBS_1/CANOES/canoes.tsv
    output: /STARK/data/testcanoes/BBS_1/CANOES/canoes.bed
    jobid: 7
    resources: tmpdir=/tmp

[Sat Jan 15 20:32:00 2022]
Finished job 74.
43 of 89 steps (48%) done
Removing temporary output file /STARK/data/testcanoes/BBS_1/CANOES/canoes.tsv.
[Sat Jan 15 20:32:02 2022]
Finished job 7.
44 of 89 steps (49%) done
Select jobs to execute...

[Sat Jan 15 20:32:02 2022]
rule bedtovcf:
    input: /STARK/data/testcanoes/BBS_1/CANOES/canoes.bed
    output: /STARK/data/testcanoes/BBS_1/CANOES/canoes.vcf
    log: /STARK/data/testcanoes/BBS_1/logs/bedtovcf.log
    jobid: 6
    resources: tmpdir=/tmp

[Sat Jan 15 20:32:03 2022]
Finished job 6.
45 of 89 steps (51%) done
Select jobs to execute...

[Sat Jan 15 20:32:03 2022]
rule AnnotSV:
    input: /STARK/data/testcanoes/BBS_1/CANOES/canoes.vcf
    output: /STARK/data/testcanoes/BBS_1/CANOES/all.canoes.annotsv.tmp.tsv
    log: /STARK/data/testcanoes/BBS_1/logs/all.canoes.annotsv.log
    jobid: 5
    resources: tmpdir=/tmp

[Sat Jan 15 20:32:05 2022]
Finished job 42.
46 of 89 steps (52%) done
[Sat Jan 15 20:32:06 2022]
Finished job 33.
47 of 89 steps (53%) done
[Sat Jan 15 20:32:06 2022]
Finished job 50.
48 of 89 steps (54%) done
[Sat Jan 15 20:32:07 2022]
Finished job 54.
49 of 89 steps (55%) done
[Sat Jan 15 20:32:27 2022]
Finished job 5.
50 of 89 steps (56%) done
Select jobs to execute...

[Sat Jan 15 20:32:27 2022]
rule split_annotations:
    input: /STARK/data/testcanoes/BBS_1/CANOES/all.canoes.annotsv.tmp.tsv
    output: /STARK/data/testcanoes/BBS_1/ALG42/CANOES/ALG42.canoes.annotsv.tmp.tsv, /STARK/data/testcanoes/BBS_1/AMV5/CANOES/AMV5.canoes.annotsv.tmp.tsv, /STARK/data/testcanoes/BBS_1/unique_AGL23/CANOES/unique_AGL23.canoes.annotsv.tmp.tsv, /STARK/data/testcanoes/BBS_1/unique_AHL86/CANOES/unique_AHL86.canoes.annotsv.tmp.tsv, /STARK/data/testcanoes/BBS_1/unique_AKO26/CANOES/unique_AKO26.canoes.annotsv.tmp.tsv, /STARK/data/testcanoes/BBS_1/unique_AKR68B/CANOES/unique_AKR68B.canoes.annotsv.tmp.tsv, /STARK/data/testcanoes/BBS_1/unique_AKX44/CANOES/unique_AKX44.canoes.annotsv.tmp.tsv, /STARK/data/testcanoes/BBS_1/unique_ALG5/CANOES/unique_ALG5.canoes.annotsv.tmp.tsv, /STARK/data/testcanoes/BBS_1/unique_ALG76/CANOES/unique_ALG76.canoes.annotsv.tmp.tsv, /STARK/data/testcanoes/BBS_1/unique_AMK19/CANOES/unique_AMK19.canoes.annotsv.tmp.tsv, /STARK/data/testcanoes/BBS_1/unique_AMR64/CANOES/unique_AMR64.canoes.annotsv.tmp.tsv
    jobid: 4
    resources: tmpdir=/tmp

[Sat Jan 15 20:32:29 2022]
Finished job 4.
51 of 89 steps (57%) done
Select jobs to execute...

[Sat Jan 15 20:32:29 2022]
rule warnings_message:
    input: /STARK/data/testcanoes/BBS_1/unique_AKX44/CANOES/unique_AKX44.canoes.boxplot.png, /STARK/data/testcanoes/BBS_1/unique_AKX44/CANOES/unique_AKX44.canoes.barplot.png, /STARK/data/testcanoes/BBS_1/unique_AKX44/CANOES/unique_AKX44.canoes.annotsv.tmp.tsv
    output: /STARK/data/testcanoes/BBS_1/unique_AKX44/CANOES/unique_AKX44.canoes.annotsv.header.tsv
    jobid: 57
    wildcards: sample=unique_AKX44
    resources: tmpdir=/tmp

[Sat Jan 15 20:32:29 2022]
rule warnings_message:
    input: /STARK/data/testcanoes/BBS_1/unique_AKR68B/CANOES/unique_AKR68B.canoes.boxplot.png, /STARK/data/testcanoes/BBS_1/unique_AKR68B/CANOES/unique_AKR68B.canoes.barplot.png, /STARK/data/testcanoes/BBS_1/unique_AKR68B/CANOES/unique_AKR68B.canoes.annotsv.tmp.tsv
    output: /STARK/data/testcanoes/BBS_1/unique_AKR68B/CANOES/unique_AKR68B.canoes.annotsv.header.tsv
    jobid: 53
    wildcards: sample=unique_AKR68B
    resources: tmpdir=/tmp

[Sat Jan 15 20:32:29 2022]
rule warnings_message:
    input: /STARK/data/testcanoes/BBS_1/unique_AKO26/CANOES/unique_AKO26.canoes.boxplot.png, /STARK/data/testcanoes/BBS_1/unique_AKO26/CANOES/unique_AKO26.canoes.barplot.png, /STARK/data/testcanoes/BBS_1/unique_AKO26/CANOES/unique_AKO26.canoes.annotsv.tmp.tsv
    output: /STARK/data/testcanoes/BBS_1/unique_AKO26/CANOES/unique_AKO26.canoes.annotsv.header.tsv
    jobid: 49
    wildcards: sample=unique_AKO26
    resources: tmpdir=/tmp

[Sat Jan 15 20:32:29 2022]
rule warnings_message:
    input: /STARK/data/testcanoes/BBS_1/AMV5/CANOES/AMV5.canoes.boxplot.png, /STARK/data/testcanoes/BBS_1/AMV5/CANOES/AMV5.canoes.barplot.png, /STARK/data/testcanoes/BBS_1/AMV5/CANOES/AMV5.canoes.annotsv.tmp.tsv
    output: /STARK/data/testcanoes/BBS_1/AMV5/CANOES/AMV5.canoes.annotsv.header.tsv
    jobid: 37
    wildcards: sample=AMV5
    resources: tmpdir=/tmp

[Sat Jan 15 20:32:29 2022]
rule warnings_message:
    input: /STARK/data/testcanoes/BBS_1/unique_AHL86/CANOES/unique_AHL86.canoes.boxplot.png, /STARK/data/testcanoes/BBS_1/unique_AHL86/CANOES/unique_AHL86.canoes.barplot.png, /STARK/data/testcanoes/BBS_1/unique_AHL86/CANOES/unique_AHL86.canoes.annotsv.tmp.tsv
    output: /STARK/data/testcanoes/BBS_1/unique_AHL86/CANOES/unique_AHL86.canoes.annotsv.header.tsv
    jobid: 45
    wildcards: sample=unique_AHL86
    resources: tmpdir=/tmp

[Sat Jan 15 20:32:29 2022]
rule warnings_message:
    input: /STARK/data/testcanoes/BBS_1/unique_AMR64/CANOES/unique_AMR64.canoes.boxplot.png, /STARK/data/testcanoes/BBS_1/unique_AMR64/CANOES/unique_AMR64.canoes.barplot.png, /STARK/data/testcanoes/BBS_1/unique_AMR64/CANOES/unique_AMR64.canoes.annotsv.tmp.tsv
    output: /STARK/data/testcanoes/BBS_1/unique_AMR64/CANOES/unique_AMR64.canoes.annotsv.header.tsv
    jobid: 73
    wildcards: sample=unique_AMR64
    resources: tmpdir=/tmp

[Sat Jan 15 20:32:29 2022]
rule warnings_message:
    input: /STARK/data/testcanoes/BBS_1/ALG42/CANOES/ALG42.canoes.boxplot.png, /STARK/data/testcanoes/BBS_1/ALG42/CANOES/ALG42.canoes.barplot.png, /STARK/data/testcanoes/BBS_1/ALG42/CANOES/ALG42.canoes.annotsv.tmp.tsv
    output: /STARK/data/testcanoes/BBS_1/ALG42/CANOES/ALG42.canoes.annotsv.header.tsv
    jobid: 32
    wildcards: sample=ALG42
    resources: tmpdir=/tmp

[Sat Jan 15 20:32:29 2022]
rule warnings_message:
    input: /STARK/data/testcanoes/BBS_1/unique_AMK19/CANOES/unique_AMK19.canoes.boxplot.png, /STARK/data/testcanoes/BBS_1/unique_AMK19/CANOES/unique_AMK19.canoes.barplot.png, /STARK/data/testcanoes/BBS_1/unique_AMK19/CANOES/unique_AMK19.canoes.annotsv.tmp.tsv
    output: /STARK/data/testcanoes/BBS_1/unique_AMK19/CANOES/unique_AMK19.canoes.annotsv.header.tsv
    jobid: 69
    wildcards: sample=unique_AMK19
    resources: tmpdir=/tmp

[Sat Jan 15 20:32:32 2022]
Finished job 37.
52 of 89 steps (58%) done
Select jobs to execute...

[Sat Jan 15 20:32:32 2022]
rule warnings_message:
    input: /STARK/data/testcanoes/BBS_1/unique_ALG5/CANOES/unique_ALG5.canoes.boxplot.png, /STARK/data/testcanoes/BBS_1/unique_ALG5/CANOES/unique_ALG5.canoes.barplot.png, /STARK/data/testcanoes/BBS_1/unique_ALG5/CANOES/unique_ALG5.canoes.annotsv.tmp.tsv
    output: /STARK/data/testcanoes/BBS_1/unique_ALG5/CANOES/unique_ALG5.canoes.annotsv.header.tsv
    jobid: 61
    wildcards: sample=unique_ALG5
    resources: tmpdir=/tmp

[Sat Jan 15 20:32:32 2022]
Finished job 53.
53 of 89 steps (60%) done
[Sat Jan 15 20:32:32 2022]
Finished job 45.
54 of 89 steps (61%) done
[Sat Jan 15 20:32:32 2022]
Finished job 49.
55 of 89 steps (62%) done
[Sat Jan 15 20:32:33 2022]
Finished job 32.
56 of 89 steps (63%) done
[Sat Jan 15 20:32:33 2022]
Finished job 57.
57 of 89 steps (64%) done
Select jobs to execute...

[Sat Jan 15 20:32:33 2022]
rule merge_warnings_variants:
    input: /STARK/data/testcanoes/BBS_1/unique_AKR68B/CANOES/unique_AKR68B.canoes.annotsv.tmp.tsv, /STARK/data/testcanoes/BBS_1/unique_AKR68B/CANOES/unique_AKR68B.canoes.annotsv.header.tsv
    output: /STARK/data/testcanoes/BBS_1/unique_AKR68B/CANOES/unique_AKR68B.canoes.annotsv.tsv
    jobid: 52
    wildcards: sample=unique_AKR68B
    resources: tmpdir=/tmp


[Sat Jan 15 20:32:33 2022]
rule merge_warnings_variants:
    input: /STARK/data/testcanoes/BBS_1/unique_AKX44/CANOES/unique_AKX44.canoes.annotsv.tmp.tsv, /STARK/data/testcanoes/BBS_1/unique_AKX44/CANOES/unique_AKX44.canoes.annotsv.header.tsv
    output: /STARK/data/testcanoes/BBS_1/unique_AKX44/CANOES/unique_AKX44.canoes.annotsv.tsv
    jobid: 56
    wildcards: sample=unique_AKX44
    resources: tmpdir=/tmp


[Sat Jan 15 20:32:33 2022]
rule merge_warnings_variants:
    input: /STARK/data/testcanoes/BBS_1/unique_AHL86/CANOES/unique_AHL86.canoes.annotsv.tmp.tsv, /STARK/data/testcanoes/BBS_1/unique_AHL86/CANOES/unique_AHL86.canoes.annotsv.header.tsv
    output: /STARK/data/testcanoes/BBS_1/unique_AHL86/CANOES/unique_AHL86.canoes.annotsv.tsv
    jobid: 44
    wildcards: sample=unique_AHL86
    resources: tmpdir=/tmp


[Sat Jan 15 20:32:33 2022]
rule merge_warnings_variants:
    input: /STARK/data/testcanoes/BBS_1/unique_AKO26/CANOES/unique_AKO26.canoes.annotsv.tmp.tsv, /STARK/data/testcanoes/BBS_1/unique_AKO26/CANOES/unique_AKO26.canoes.annotsv.header.tsv
    output: /STARK/data/testcanoes/BBS_1/unique_AKO26/CANOES/unique_AKO26.canoes.annotsv.tsv
    jobid: 48
    wildcards: sample=unique_AKO26
    resources: tmpdir=/tmp


[Sat Jan 15 20:32:33 2022]
rule warnings_message:
    input: /STARK/data/testcanoes/BBS_1/unique_AGL23/CANOES/unique_AGL23.canoes.boxplot.png, /STARK/data/testcanoes/BBS_1/unique_AGL23/CANOES/unique_AGL23.canoes.barplot.png, /STARK/data/testcanoes/BBS_1/unique_AGL23/CANOES/unique_AGL23.canoes.annotsv.tmp.tsv
    output: /STARK/data/testcanoes/BBS_1/unique_AGL23/CANOES/unique_AGL23.canoes.annotsv.header.tsv
    jobid: 41
    wildcards: sample=unique_AGL23
    resources: tmpdir=/tmp

[Sat Jan 15 20:32:33 2022]
Finished job 73.
58 of 89 steps (65%) done
[Sat Jan 15 20:32:33 2022]
Finished job 69.
59 of 89 steps (66%) done
[Sat Jan 15 20:32:33 2022]
Finished job 52.
60 of 89 steps (67%) done
[Sat Jan 15 20:32:33 2022]
Finished job 56.
61 of 89 steps (69%) done
[Sat Jan 15 20:32:33 2022]
Finished job 44.
62 of 89 steps (70%) done
Select jobs to execute...

[Sat Jan 15 20:32:33 2022]
rule AnnotSV2vcf:
    input: /STARK/data/testcanoes/BBS_1/unique_AHL86/CANOES/unique_AHL86.canoes.annotsv.tmp.tsv, /STARK/data/testcanoes/BBS_1/unique_AHL86/CANOES/unique_AHL86.canoes.annotsv.tsv
    output: /STARK/data/testcanoes/BBS_1/unique_AHL86/CANOES/unique_AHL86.canoes.annotsv.vcf
    log: /STARK/data/testcanoes/BBS_1/logs/unique_AHL86.fileconversion.log
    jobid: 81
    wildcards: sample=unique_AHL86
    resources: tmpdir=/tmp


[Sat Jan 15 20:32:33 2022]
rule AnnotSV2vcf:
    input: /STARK/data/testcanoes/BBS_1/unique_AKR68B/CANOES/unique_AKR68B.canoes.annotsv.tmp.tsv, /STARK/data/testcanoes/BBS_1/unique_AKR68B/CANOES/unique_AKR68B.canoes.annotsv.tsv
    output: /STARK/data/testcanoes/BBS_1/unique_AKR68B/CANOES/unique_AKR68B.canoes.annotsv.vcf
    log: /STARK/data/testcanoes/BBS_1/logs/unique_AKR68B.fileconversion.log
    jobid: 83
    wildcards: sample=unique_AKR68B
    resources: tmpdir=/tmp


[Sat Jan 15 20:32:33 2022]
rule merge_warnings_variants:
    input: /STARK/data/testcanoes/BBS_1/unique_AMR64/CANOES/unique_AMR64.canoes.annotsv.tmp.tsv, /STARK/data/testcanoes/BBS_1/unique_AMR64/CANOES/unique_AMR64.canoes.annotsv.header.tsv
    output: /STARK/data/testcanoes/BBS_1/unique_AMR64/CANOES/unique_AMR64.canoes.annotsv.tsv
    jobid: 72
    wildcards: sample=unique_AMR64
    resources: tmpdir=/tmp


[Sat Jan 15 20:32:33 2022]
rule merge_warnings_variants:
    input: /STARK/data/testcanoes/BBS_1/unique_AMK19/CANOES/unique_AMK19.canoes.annotsv.tmp.tsv, /STARK/data/testcanoes/BBS_1/unique_AMK19/CANOES/unique_AMK19.canoes.annotsv.header.tsv
    output: /STARK/data/testcanoes/BBS_1/unique_AMK19/CANOES/unique_AMK19.canoes.annotsv.tsv
    jobid: 68
    wildcards: sample=unique_AMK19
    resources: tmpdir=/tmp


[Sat Jan 15 20:32:33 2022]
rule merge_warnings_variants:
    input: /STARK/data/testcanoes/BBS_1/ALG42/CANOES/ALG42.canoes.annotsv.tmp.tsv, /STARK/data/testcanoes/BBS_1/ALG42/CANOES/ALG42.canoes.annotsv.header.tsv
    output: /STARK/data/testcanoes/BBS_1/ALG42/CANOES/ALG42.canoes.annotsv.tsv
    jobid: 3
    wildcards: sample=ALG42
    resources: tmpdir=/tmp

[Sat Jan 15 20:32:33 2022]
Finished job 48.
63 of 89 steps (71%) done
[Sat Jan 15 20:32:33 2022]
Finished job 72.
64 of 89 steps (72%) done
[Sat Jan 15 20:32:33 2022]
Finished job 68.
65 of 89 steps (73%) done
Select jobs to execute...

[Sat Jan 15 20:32:33 2022]
rule warnings_message:
    input: /STARK/data/testcanoes/BBS_1/unique_ALG76/CANOES/unique_ALG76.canoes.boxplot.png, /STARK/data/testcanoes/BBS_1/unique_ALG76/CANOES/unique_ALG76.canoes.barplot.png, /STARK/data/testcanoes/BBS_1/unique_ALG76/CANOES/unique_ALG76.canoes.annotsv.tmp.tsv
    output: /STARK/data/testcanoes/BBS_1/unique_ALG76/CANOES/unique_ALG76.canoes.annotsv.header.tsv
    jobid: 65
    wildcards: sample=unique_ALG76
    resources: tmpdir=/tmp

[Sat Jan 15 20:32:33 2022]
rule AnnotSV2vcf:
    input: /STARK/data/testcanoes/BBS_1/unique_AMR64/CANOES/unique_AMR64.canoes.annotsv.tmp.tsv, /STARK/data/testcanoes/BBS_1/unique_AMR64/CANOES/unique_AMR64.canoes.annotsv.tsv
    output: /STARK/data/testcanoes/BBS_1/unique_AMR64/CANOES/unique_AMR64.canoes.annotsv.vcf
    log: /STARK/data/testcanoes/BBS_1/logs/unique_AMR64.fileconversion.log
    jobid: 88
    wildcards: sample=unique_AMR64
    resources: tmpdir=/tmp


[Sat Jan 15 20:32:33 2022]
rule AnnotSV2vcf:
    input: /STARK/data/testcanoes/BBS_1/unique_AMK19/CANOES/unique_AMK19.canoes.annotsv.tmp.tsv, /STARK/data/testcanoes/BBS_1/unique_AMK19/CANOES/unique_AMK19.canoes.annotsv.tsv
    output: /STARK/data/testcanoes/BBS_1/unique_AMK19/CANOES/unique_AMK19.canoes.annotsv.vcf
    log: /STARK/data/testcanoes/BBS_1/logs/unique_AMK19.fileconversion.log
    jobid: 87
    wildcards: sample=unique_AMK19
    resources: tmpdir=/tmp

[Sat Jan 15 20:32:33 2022]
Finished job 3.
66 of 89 steps (74%) done
Select jobs to execute...

[Sat Jan 15 20:32:34 2022]
rule AnnotSV2vcf:
    input: /STARK/data/testcanoes/BBS_1/ALG42/CANOES/ALG42.canoes.annotsv.tmp.tsv, /STARK/data/testcanoes/BBS_1/ALG42/CANOES/ALG42.canoes.annotsv.tsv
    output: /STARK/data/testcanoes/BBS_1/ALG42/CANOES/ALG42.canoes.annotsv.vcf
    log: /STARK/data/testcanoes/BBS_1/logs/ALG42.fileconversion.log
    jobid: 78
    wildcards: sample=ALG42
    resources: tmpdir=/tmp

Select jobs to execute...
[Sat Jan 15 20:32:34 2022]
Finished job 61.
67 of 89 steps (75%) done

[Sat Jan 15 20:32:34 2022]
rule merge_warnings_variants:
    input: /STARK/data/testcanoes/BBS_1/unique_ALG5/CANOES/unique_ALG5.canoes.annotsv.tmp.tsv, /STARK/data/testcanoes/BBS_1/unique_ALG5/CANOES/unique_ALG5.canoes.annotsv.header.tsv
    output: /STARK/data/testcanoes/BBS_1/unique_ALG5/CANOES/unique_ALG5.canoes.annotsv.tsv
    jobid: 60
    wildcards: sample=unique_ALG5
    resources: tmpdir=/tmp

[Sat Jan 15 20:32:34 2022]
Finished job 60.
68 of 89 steps (76%) done
Select jobs to execute...

[Sat Jan 15 20:32:34 2022]
rule AnnotSV2vcf:
    input: /STARK/data/testcanoes/BBS_1/unique_AKX44/CANOES/unique_AKX44.canoes.annotsv.tmp.tsv, /STARK/data/testcanoes/BBS_1/unique_AKX44/CANOES/unique_AKX44.canoes.annotsv.tsv
    output: /STARK/data/testcanoes/BBS_1/unique_AKX44/CANOES/unique_AKX44.canoes.annotsv.vcf
    log: /STARK/data/testcanoes/BBS_1/logs/unique_AKX44.fileconversion.log
    jobid: 84
    wildcards: sample=unique_AKX44
    resources: tmpdir=/tmp

[Sat Jan 15 20:32:35 2022]
Finished job 41.
69 of 89 steps (78%) done
Select jobs to execute...

[Sat Jan 15 20:32:35 2022]
rule merge_warnings_variants:
    input: /STARK/data/testcanoes/BBS_1/unique_AGL23/CANOES/unique_AGL23.canoes.annotsv.tmp.tsv, /STARK/data/testcanoes/BBS_1/unique_AGL23/CANOES/unique_AGL23.canoes.annotsv.header.tsv
    output: /STARK/data/testcanoes/BBS_1/unique_AGL23/CANOES/unique_AGL23.canoes.annotsv.tsv
    jobid: 40
    wildcards: sample=unique_AGL23
    resources: tmpdir=/tmp

[Sat Jan 15 20:32:35 2022]
Finished job 81.
70 of 89 steps (79%) done
Select jobs to execute...

[Sat Jan 15 20:32:35 2022]
rule AnnotSV2vcf:
    input: /STARK/data/testcanoes/BBS_1/unique_ALG5/CANOES/unique_ALG5.canoes.annotsv.tmp.tsv, /STARK/data/testcanoes/BBS_1/unique_ALG5/CANOES/unique_ALG5.canoes.annotsv.tsv
    output: /STARK/data/testcanoes/BBS_1/unique_ALG5/CANOES/unique_ALG5.canoes.annotsv.vcf
    log: /STARK/data/testcanoes/BBS_1/logs/unique_ALG5.fileconversion.log
    jobid: 85
    wildcards: sample=unique_ALG5
    resources: tmpdir=/tmp

[Sat Jan 15 20:32:36 2022]
Finished job 83.
71 of 89 steps (80%) done
[Sat Jan 15 20:32:36 2022]
Finished job 40.
72 of 89 steps (81%) done
Select jobs to execute...

[Sat Jan 15 20:32:36 2022]
rule merge_warnings_variants:
    input: /STARK/data/testcanoes/BBS_1/AMV5/CANOES/AMV5.canoes.annotsv.tmp.tsv, /STARK/data/testcanoes/BBS_1/AMV5/CANOES/AMV5.canoes.annotsv.header.tsv
    output: /STARK/data/testcanoes/BBS_1/AMV5/CANOES/AMV5.canoes.annotsv.tsv
    jobid: 36
    wildcards: sample=AMV5
    resources: tmpdir=/tmp


[Sat Jan 15 20:32:36 2022]
rule AnnotSV2vcf:
    input: /STARK/data/testcanoes/BBS_1/unique_AGL23/CANOES/unique_AGL23.canoes.annotsv.tmp.tsv, /STARK/data/testcanoes/BBS_1/unique_AGL23/CANOES/unique_AGL23.canoes.annotsv.tsv
    output: /STARK/data/testcanoes/BBS_1/unique_AGL23/CANOES/unique_AGL23.canoes.annotsv.vcf
    log: /STARK/data/testcanoes/BBS_1/logs/unique_AGL23.fileconversion.log
    jobid: 80
    wildcards: sample=unique_AGL23
    resources: tmpdir=/tmp

[Sat Jan 15 20:32:36 2022]
Finished job 88.
73 of 89 steps (82%) done
[Sat Jan 15 20:32:36 2022]
Finished job 65.
74 of 89 steps (83%) done
[Sat Jan 15 20:32:36 2022]
Finished job 87.
75 of 89 steps (84%) done
[Sat Jan 15 20:32:36 2022]
Finished job 36.
76 of 89 steps (85%) done
Select jobs to execute...

[Sat Jan 15 20:32:37 2022]
rule AnnotSV2vcf:
    input: /STARK/data/testcanoes/BBS_1/AMV5/CANOES/AMV5.canoes.annotsv.tmp.tsv, /STARK/data/testcanoes/BBS_1/AMV5/CANOES/AMV5.canoes.annotsv.tsv
    output: /STARK/data/testcanoes/BBS_1/AMV5/CANOES/AMV5.canoes.annotsv.vcf
    log: /STARK/data/testcanoes/BBS_1/logs/AMV5.fileconversion.log
    jobid: 79
    wildcards: sample=AMV5
    resources: tmpdir=/tmp


[Sat Jan 15 20:32:37 2022]
rule AnnotSV2vcf:
    input: /STARK/data/testcanoes/BBS_1/unique_AKO26/CANOES/unique_AKO26.canoes.annotsv.tmp.tsv, /STARK/data/testcanoes/BBS_1/unique_AKO26/CANOES/unique_AKO26.canoes.annotsv.tsv
    output: /STARK/data/testcanoes/BBS_1/unique_AKO26/CANOES/unique_AKO26.canoes.annotsv.vcf
    log: /STARK/data/testcanoes/BBS_1/logs/unique_AKO26.fileconversion.log
    jobid: 82
    wildcards: sample=unique_AKO26
    resources: tmpdir=/tmp


[Sat Jan 15 20:32:37 2022]
rule merge_warnings_variants:
    input: /STARK/data/testcanoes/BBS_1/unique_ALG76/CANOES/unique_ALG76.canoes.annotsv.tmp.tsv, /STARK/data/testcanoes/BBS_1/unique_ALG76/CANOES/unique_ALG76.canoes.annotsv.header.tsv
    output: /STARK/data/testcanoes/BBS_1/unique_ALG76/CANOES/unique_ALG76.canoes.annotsv.tsv
    jobid: 64
    wildcards: sample=unique_ALG76
    resources: tmpdir=/tmp

[Sat Jan 15 20:32:37 2022]
Finished job 78.
77 of 89 steps (87%) done
[Sat Jan 15 20:32:37 2022]
Finished job 64.
78 of 89 steps (88%) done
Select jobs to execute...

[Sat Jan 15 20:32:37 2022]
rule AnnotSV2vcf:
    input: /STARK/data/testcanoes/BBS_1/unique_ALG76/CANOES/unique_ALG76.canoes.annotsv.tmp.tsv, /STARK/data/testcanoes/BBS_1/unique_ALG76/CANOES/unique_ALG76.canoes.annotsv.tsv
    output: /STARK/data/testcanoes/BBS_1/unique_ALG76/CANOES/unique_ALG76.canoes.annotsv.vcf
    log: /STARK/data/testcanoes/BBS_1/logs/unique_ALG76.fileconversion.log
    jobid: 86
    wildcards: sample=unique_ALG76
    resources: tmpdir=/tmp


[Sat Jan 15 20:32:37 2022]
rule merge_CNVs:
    input: /STARK/data/testcanoes/BBS_1/ALG42/CANOES/ALG42.canoes.annotsv.tsv, /STARK/data/testcanoes/BBS_1/AMV5/CANOES/AMV5.canoes.annotsv.tsv, /STARK/data/testcanoes/BBS_1/unique_AGL23/CANOES/unique_AGL23.canoes.annotsv.tsv, /STARK/data/testcanoes/BBS_1/unique_AHL86/CANOES/unique_AHL86.canoes.annotsv.tsv, /STARK/data/testcanoes/BBS_1/unique_AKO26/CANOES/unique_AKO26.canoes.annotsv.tsv, /STARK/data/testcanoes/BBS_1/unique_AKR68B/CANOES/unique_AKR68B.canoes.annotsv.tsv, /STARK/data/testcanoes/BBS_1/unique_AKX44/CANOES/unique_AKX44.canoes.annotsv.tsv, /STARK/data/testcanoes/BBS_1/unique_ALG5/CANOES/unique_ALG5.canoes.annotsv.tsv, /STARK/data/testcanoes/BBS_1/unique_ALG76/CANOES/unique_ALG76.canoes.annotsv.tsv, /STARK/data/testcanoes/BBS_1/unique_AMK19/CANOES/unique_AMK19.canoes.annotsv.tsv, /STARK/data/testcanoes/BBS_1/unique_AMR64/CANOES/unique_AMR64.canoes.annotsv.tsv
    output: /STARK/data/testcanoes/BBS_1/CANOES/all.canoes.annotsv.tmp.tsv
    jobid: 2
    resources: tmpdir=/tmp

[Sat Jan 15 20:32:37 2022]
Finished job 84.
79 of 89 steps (89%) done
[Sat Jan 15 20:32:38 2022]
Finished job 85.
80 of 89 steps (90%) done
[Sat Jan 15 20:32:38 2022]
Finished job 80.
81 of 89 steps (91%) done
[Sat Jan 15 20:32:39 2022]
Finished job 79.
82 of 89 steps (92%) done
[Sat Jan 15 20:32:39 2022]
Finished job 82.
83 of 89 steps (93%) done
[Sat Jan 15 20:32:39 2022]
Finished job 86.
84 of 89 steps (94%) done
[Sat Jan 15 20:32:40 2022]
Finished job 2.
85 of 89 steps (96%) done
Select jobs to execute...

[Sat Jan 15 20:32:40 2022]
rule warnings_message_all:
    input: /STARK/data/testcanoes/BBS_1/CANOES/all.canoes.annotsv.tmp.tsv
    output: /STARK/data/testcanoes/BBS_1/CANOES/all.canoes.annotsv.header.tsv
    jobid: 77
    resources: tmpdir=/tmp

[Sat Jan 15 20:32:41 2022]
Finished job 77.
86 of 89 steps (97%) done
Select jobs to execute...

[Sat Jan 15 20:32:41 2022]
rule merge_warnings_variants_all:
    input: /STARK/data/testcanoes/BBS_1/CANOES/all.canoes.annotsv.tmp.tsv, /STARK/data/testcanoes/BBS_1/CANOES/all.canoes.annotsv.header.tsv
    output: /STARK/data/testcanoes/BBS_1/CANOES/all.canoes.annotsv.tsv
    jobid: 76
    resources: tmpdir=/tmp

[Sat Jan 15 20:32:41 2022]
Finished job 76.
87 of 89 steps (98%) done
Select jobs to execute...

[Sat Jan 15 20:32:42 2022]
rule AnnotSV2vcf_all:
    input: /STARK/data/testcanoes/BBS_1/CANOES/all.canoes.annotsv.tmp.tsv, /STARK/data/testcanoes/BBS_1/CANOES/all.canoes.annotsv.tsv
    output: /STARK/data/testcanoes/BBS_1/CANOES/all.canoes.annotsv.vcf
    log: /STARK/data/testcanoes/BBS_1/logs/all.fileconversion.log
    jobid: 1
    resources: tmpdir=/tmp

[Sat Jan 15 20:32:43 2022]
Finished job 1.
88 of 89 steps (99%) done
Select jobs to execute...

[Sat Jan 15 20:32:43 2022]
rule all:
    input: /STARK/data/testcanoes/BBS_1/CANOES/all.canoes.annotsv.vcf, /STARK/data/testcanoes/BBS_1/ALG42/CANOES/ALG42.canoes.annotsv.vcf, /STARK/data/testcanoes/BBS_1/AMV5/CANOES/AMV5.canoes.annotsv.vcf, /STARK/data/testcanoes/BBS_1/unique_AGL23/CANOES/unique_AGL23.canoes.annotsv.vcf, /STARK/data/testcanoes/BBS_1/unique_AHL86/CANOES/unique_AHL86.canoes.annotsv.vcf, /STARK/data/testcanoes/BBS_1/unique_AKO26/CANOES/unique_AKO26.canoes.annotsv.vcf, /STARK/data/testcanoes/BBS_1/unique_AKR68B/CANOES/unique_AKR68B.canoes.annotsv.vcf, /STARK/data/testcanoes/BBS_1/unique_AKX44/CANOES/unique_AKX44.canoes.annotsv.vcf, /STARK/data/testcanoes/BBS_1/unique_ALG5/CANOES/unique_ALG5.canoes.annotsv.vcf, /STARK/data/testcanoes/BBS_1/unique_ALG76/CANOES/unique_ALG76.canoes.annotsv.vcf, /STARK/data/testcanoes/BBS_1/unique_AMK19/CANOES/unique_AMK19.canoes.annotsv.vcf, /STARK/data/testcanoes/BBS_1/unique_AMR64/CANOES/unique_AMR64.canoes.annotsv.vcf
    output: /STARK/data/testcanoes/BBS_1/CANOES/CANOESComplete.txt
    jobid: 0
    resources: tmpdir=/tmp

[Sat Jan 15 20:32:46 2022]
Finished job 0.
89 of 89 steps (100%) done
Complete log: /app/.snakemake/log/2022-01-15T203130.666137.snakemake.log
